<?xml version="1.0" encoding="UTF-8"?>
<testsuites name="SignIn Validation" time="138" tests="3" failures="1" errors="0">
   <testsuite name="SignIn Validation" tests="3" failures="1" errors="0" time="138" timestamp="2018-12-13 18:57:15" hostname="user - CLLSDMONGLT071" id="Test Suites/SignIn Validation">
      <properties>
         <property name="deviceName" value=""/>
         <property name="devicePlatform" value=""/>
         <property name="logFolder" value="C:\\Users\\user\\Documents\\Masoko-master\\Reports\\SignIn Validation\\20181213_185711"/>
         <property name="logFiles" value="C:\\Users\\user\\Documents\\Masoko-master\\Reports\\SignIn Validation\\20181213_185711\\execution0.log"/>
         <property name="attachments" value="C:\\Users\\user\\Documents\\Masoko-master\\Reports\\SignIn Validation\\20181213_185711\\1544716772827.png, C:\\Users\\user\\Documents\\Masoko-master\\Reports\\SignIn Validation\\20181213_185711\\1544716773199.png"/>
         <property name="hostName" value="user - CLLSDMONGLT071"/>
         <property name="os" value="Windows 10 64bit"/>
         <property name="katalonVersion" value="5.9.1.2"/>
         <property name="browser" value="Chrome 70.0.3538.110"/>
         <property name="hostAddress" value="10.5.82.232"/>
         <property name="sessionId" value="b21ca8ab2ab5049776fb595ba8f4e356"/>
         <property name="seleniumVersion" value="3.7.1"/>
         <property name="proxyInformation" value="ProxyInformation{proxyOption=NO_PROXY, proxyServerType=HTTP, password=, proxyServerAddress=, proxyServerPort=0}"/>
         <property name="platform" value="Windows 10"/>
      </properties>
      <testcase name="Test Cases/SignIn/Verify-All Input fields Are Mandatroy" classname="Test Cases/SignIn/Verify-All Input fields Are Mandatroy" status="PASSED">
         <system-out><![CDATA[2018-12-13 18:57:15 - [TEST_CASE][PASSED] - Test Cases/SignIn/Verify-All Input fields Are Mandatroy: Test Cases/SignIn/Verify-All Input fields Are Mandatroy

2018-12-13 18:57:17 - [TEST_STEP][PASSED] - data = findTestData("SigninValidations"): null

2018-12-13 18:57:20 - [TEST_STEP][PASSED] - openBrowser(findTestData("SigninValidations").getValue(1, 1)): Browser is opened with url: 'https://www.masoko.com/'

2018-12-13 18:57:21 - [MESSAGE][INFO] - Starting 'Chrome' driver

2018-12-13 18:57:21 - [MESSAGE][INFO] - Action delay is set to 0 seconds

2018-12-13 18:57:35 - [MESSAGE][PASSED] - Browser is opened with url: 'https://www.masoko.com/'

2018-12-13 18:57:35 - [TEST_STEP][PASSED] - maximizeWindow(): Current window maximized

2018-12-13 18:57:36 - [MESSAGE][PASSED] - Current window maximized

2018-12-13 18:57:36 - [TEST_STEP][PASSED] - delay(3): Delayed 3 second(s)

2018-12-13 18:57:39 - [MESSAGE][PASSED] - Delayed 3 second(s)

2018-12-13 18:57:39 - [TEST_STEP][PASSED] - click(findTestObject("Signin Page/Link- SignIn")): Object: 'Object Repository/Signin Page/Link- SignIn' is clicked on

2018-12-13 18:57:43 - [MESSAGE][PASSED] - Object: 'Object Repository/Signin Page/Link- SignIn' is clicked on

2018-12-13 18:57:43 - [TEST_STEP][PASSED] - setText(findTestObject("Signin Page/Input-Email"), findTestData("SigninValidations").getValue(2, 3)): Text '' is set on object 'Object Repository/Signin Page/Input-Email'

2018-12-13 18:57:44 - [MESSAGE][PASSED] - Text '' is set on object 'Object Repository/Signin Page/Input-Email'

2018-12-13 18:57:44 - [TEST_STEP][PASSED] - delay(2): Delayed 2 second(s)

2018-12-13 18:57:46 - [MESSAGE][PASSED] - Delayed 2 second(s)

2018-12-13 18:57:46 - [TEST_STEP][PASSED] - setText(findTestObject("Signin Page/Input-Password"), findTestData("SigninValidations").getValue(3, 3)): Text '' is set on object 'Object Repository/Signin Page/Input-Password'

2018-12-13 18:57:47 - [MESSAGE][PASSED] - Text '' is set on object 'Object Repository/Signin Page/Input-Password'

2018-12-13 18:57:47 - [TEST_STEP][PASSED] - delay(2): Delayed 2 second(s)

2018-12-13 18:57:49 - [MESSAGE][PASSED] - Delayed 2 second(s)

2018-12-13 18:57:49 - [TEST_STEP][PASSED] - click(findTestObject("Signin Page/Button-Signin")): Object: 'Object Repository/Signin Page/Button-Signin' is clicked on

2018-12-13 18:57:49 - [MESSAGE][PASSED] - Object: 'Object Repository/Signin Page/Button-Signin' is clicked on

2018-12-13 18:57:49 - [TEST_STEP][PASSED] - delay(10): Delayed 10 second(s)

2018-12-13 18:57:59 - [MESSAGE][PASSED] - Delayed 10 second(s)

2018-12-13 18:57:59 - [TEST_STEP][PASSED] - verifyElementPresent(findTestObject("Signin Page/Error Message-Email"), 0): Object 'Object Repository/Signin Page/Error Message-Email' is present

2018-12-13 18:57:59 - [MESSAGE][WARNING] - Timeout '0' is invalid. Using default page load timeout: '30'

2018-12-13 18:57:59 - [MESSAGE][PASSED] - Object 'Object Repository/Signin Page/Error Message-Email' is present

2018-12-13 18:57:59 - [TEST_STEP][PASSED] - verifyElementPresent(findTestObject("Signin Page/Error Message-Password Required"), 0): Object 'Object Repository/Signin Page/Error Message-Password Required' is present

2018-12-13 18:57:59 - [MESSAGE][WARNING] - Timeout '0' is invalid. Using default page load timeout: '30'

2018-12-13 18:57:59 - [MESSAGE][PASSED] - Object 'Object Repository/Signin Page/Error Message-Password Required' is present]]></system-out>
         <system-err><![CDATA[]]></system-err>
      </testcase>
      <testcase name="Test Cases/SignIn/Verify_Correct Email is Enter" classname="Test Cases/SignIn/Verify_Correct Email is Enter" status="PASSED">
         <system-out><![CDATA[2018-12-13 18:57:59 - [TEST_CASE][PASSED] - Test Cases/SignIn/Verify_Correct Email is Enter: Test Cases/SignIn/Verify_Correct Email is Enter

2018-12-13 18:57:59 - [TEST_STEP][NOT_RUN] - data = findTestData("SigninValidations"): NOT_RUN: data = findTestData("SigninValidations")

2018-12-13 18:57:59 - [MESSAGE][NOT_RUN] - NOT_RUN: data = findTestData("SigninValidations")

2018-12-13 18:57:59 - [TEST_STEP][NOT_RUN] - openBrowser(findTestData("SigninValidations").getValue(1, 1)): NOT_RUN: openBrowser(findTestData("SigninValidations").getValue(1, 1))

2018-12-13 18:57:59 - [MESSAGE][NOT_RUN] - NOT_RUN: openBrowser(findTestData("SigninValidations").getValue(1, 1))

2018-12-13 18:57:59 - [TEST_STEP][NOT_RUN] - maximizeWindow(): NOT_RUN: maximizeWindow()

2018-12-13 18:57:59 - [MESSAGE][NOT_RUN] - NOT_RUN: maximizeWindow()

2018-12-13 18:57:59 - [TEST_STEP][NOT_RUN] - delay(3): NOT_RUN: delay(3)

2018-12-13 18:57:59 - [MESSAGE][NOT_RUN] - NOT_RUN: delay(3)

2018-12-13 18:57:59 - [TEST_STEP][PASSED] - click(findTestObject("Signin Page/Link- SignIn")): Object: 'Object Repository/Signin Page/Link- SignIn' is clicked on

2018-12-13 18:58:04 - [MESSAGE][PASSED] - Object: 'Object Repository/Signin Page/Link- SignIn' is clicked on

2018-12-13 18:58:04 - [TEST_STEP][PASSED] - setText(findTestObject("Signin Page/Input-Email"), findTestData("SigninValidations").getValue(2, 1)): Text 'null' is set on object 'Object Repository/Signin Page/Input-Email'

2018-12-13 18:58:05 - [MESSAGE][PASSED] - Text 'null' is set on object 'Object Repository/Signin Page/Input-Email'

2018-12-13 18:58:05 - [TEST_STEP][PASSED] - delay(2): Delayed 2 second(s)

2018-12-13 18:58:07 - [MESSAGE][PASSED] - Delayed 2 second(s)

2018-12-13 18:58:07 - [TEST_STEP][PASSED] - setText(findTestObject("Signin Page/Input-Password"), findTestData("SigninValidations").getValue(3, 1)): Text '' is set on object 'Object Repository/Signin Page/Input-Password'

2018-12-13 18:58:07 - [MESSAGE][PASSED] - Text '' is set on object 'Object Repository/Signin Page/Input-Password'

2018-12-13 18:58:07 - [TEST_STEP][PASSED] - delay(2): Delayed 2 second(s)

2018-12-13 18:58:09 - [MESSAGE][PASSED] - Delayed 2 second(s)

2018-12-13 18:58:09 - [TEST_STEP][PASSED] - click(findTestObject("Signin Page/Button-Signin")): Object: 'Object Repository/Signin Page/Button-Signin' is clicked on

2018-12-13 18:58:09 - [MESSAGE][PASSED] - Object: 'Object Repository/Signin Page/Button-Signin' is clicked on

2018-12-13 18:58:09 - [TEST_STEP][PASSED] - delay(10): Delayed 10 second(s)

2018-12-13 18:58:19 - [MESSAGE][PASSED] - Delayed 10 second(s)

2018-12-13 18:58:19 - [TEST_STEP][PASSED] - verifyElementPresent(findTestObject("Signin Page/Error Message-Email"), 0): Object 'Object Repository/Signin Page/Error Message-Email' is present

2018-12-13 18:58:19 - [MESSAGE][WARNING] - Timeout '0' is invalid. Using default page load timeout: '30'

2018-12-13 18:58:19 - [MESSAGE][PASSED] - Object 'Object Repository/Signin Page/Error Message-Email' is present]]></system-out>
         <system-err><![CDATA[]]></system-err>
      </testcase>
      <testcase name="Test Cases/SignIn/Verify- Correct credentials" classname="Test Cases/SignIn/Verify- Correct credentials" status="PASSED">
         <system-out><![CDATA[2018-12-13 18:58:19 - [TEST_CASE][PASSED] - Test Cases/SignIn/Verify- Correct credentials: Test Cases/SignIn/Verify- Correct credentials

2018-12-13 18:58:19 - [TEST_STEP][NOT_RUN] - data = findTestData("SigninValidations"): NOT_RUN: data = findTestData("SigninValidations")

2018-12-13 18:58:19 - [MESSAGE][NOT_RUN] - NOT_RUN: data = findTestData("SigninValidations")

2018-12-13 18:58:19 - [TEST_STEP][NOT_RUN] - openBrowser(findTestData("SigninValidations").getValue(1, 1)): NOT_RUN: openBrowser(findTestData("SigninValidations").getValue(1, 1))

2018-12-13 18:58:19 - [MESSAGE][NOT_RUN] - NOT_RUN: openBrowser(findTestData("SigninValidations").getValue(1, 1))

2018-12-13 18:58:19 - [TEST_STEP][NOT_RUN] - maximizeWindow(): NOT_RUN: maximizeWindow()

2018-12-13 18:58:19 - [MESSAGE][NOT_RUN] - NOT_RUN: maximizeWindow()

2018-12-13 18:58:19 - [TEST_STEP][NOT_RUN] - delay(3): NOT_RUN: delay(3)

2018-12-13 18:58:19 - [MESSAGE][NOT_RUN] - NOT_RUN: delay(3)

2018-12-13 18:58:19 - [TEST_STEP][PASSED] - click(findTestObject("Signin Page/Link- SignIn")): Object: 'Object Repository/Signin Page/Link- SignIn' is clicked on

2018-12-13 18:58:25 - [MESSAGE][PASSED] - Object: 'Object Repository/Signin Page/Link- SignIn' is clicked on

2018-12-13 18:58:25 - [TEST_STEP][PASSED] - setText(findTestObject("Signin Page/Input-Email"), findTestData("SigninValidations").getValue(2, 5)): Text 'gichuhikid@gmail.com' is set on object 'Object Repository/Signin Page/Input-Email'

2018-12-13 18:58:27 - [MESSAGE][PASSED] - Text 'gichuhikid@gmail.com' is set on object 'Object Repository/Signin Page/Input-Email'

2018-12-13 18:58:27 - [TEST_STEP][PASSED] - delay(2): Delayed 2 second(s)

2018-12-13 18:58:29 - [MESSAGE][PASSED] - Delayed 2 second(s)

2018-12-13 18:58:29 - [TEST_STEP][PASSED] - setText(findTestObject("Signin Page/Input-Password"), findTestData("SigninValidations").getValue(3, 5)): Text 'Nairobi12!@#' is set on object 'Object Repository/Signin Page/Input-Password'

2018-12-13 18:58:29 - [MESSAGE][PASSED] - Text 'Nairobi12!@#' is set on object 'Object Repository/Signin Page/Input-Password'

2018-12-13 18:58:29 - [TEST_STEP][PASSED] - delay(2): Delayed 2 second(s)

2018-12-13 18:58:31 - [MESSAGE][PASSED] - Delayed 2 second(s)

2018-12-13 18:58:31 - [TEST_STEP][PASSED] - click(findTestObject("Signin Page/Button-Signin")): Object: 'Object Repository/Signin Page/Button-Signin' is clicked on

2018-12-13 18:58:37 - [MESSAGE][PASSED] - Object: 'Object Repository/Signin Page/Button-Signin' is clicked on

2018-12-13 18:58:37 - [TEST_STEP][PASSED] - delay(5): Delayed 5 second(s)

2018-12-13 18:58:42 - [MESSAGE][PASSED] - Delayed 5 second(s)

2018-12-13 18:58:42 - [TEST_STEP][PASSED] - verifyElementPresent(findTestObject("Signin Page/Error Message- Invalid passwrd and email"), 0): Object 'Object Repository/Signin Page/Error Message- Invalid passwrd and email' is present

2018-12-13 18:58:42 - [MESSAGE][WARNING] - Timeout '0' is invalid. Using default page load timeout: '30'

2018-12-13 18:58:42 - [MESSAGE][PASSED] - Object 'Object Repository/Signin Page/Error Message- Invalid passwrd and email' is present]]></system-out>
         <system-err><![CDATA[]]></system-err>
      </testcase>
      <testcase name="Test Cases/SignIn/Verify- Correct Signin" classname="Test Cases/SignIn/Verify- Correct Signin" status="FAILED">
         <failure type="FAILED" message="Test Cases/SignIn/Verify- Correct Signin FAILED.
Reason:
com.kms.katalon.core.exception.StepFailedException: Unable to verify object 'Object Repository/Signin Page/Element -My Account' is present (Root cause: com.kms.katalon.core.exception.StepFailedException: com.kms.katalon.core.webui.exception.WebElementNotFoundException: Web element with id: 'Object Repository/Signin Page/Element -My Account' located by 'By.xpath: //span[contains(text(),'My Account')]' not found)
	at com.kms.katalon.core.keyword.internal.KeywordMain.stepFailed(KeywordMain.groovy:36)
	at com.kms.katalon.core.webui.keyword.internal.WebUIKeywordMain.stepFailed(WebUIKeywordMain.groovy:65)
	at com.kms.katalon.core.webui.keyword.internal.WebUIKeywordMain.runKeyword(WebUIKeywordMain.groovy:27)
	at com.kms.katalon.core.webui.keyword.builtin.VerifyElementPresentKeyword.verifyElementPresent(VerifyElementPresentKeyword.groovy:92)
	at com.kms.katalon.core.webui.keyword.builtin.VerifyElementPresentKeyword.execute(VerifyElementPresentKeyword.groovy:68)
	at com.kms.katalon.core.keyword.internal.KeywordExecutor.executeKeywordForPlatform(KeywordExecutor.groovy:53)
	at com.kms.katalon.core.webui.keyword.WebUiBuiltInKeywords.verifyElementPresent(WebUiBuiltInKeywords.groovy:1434)
	at com.kms.katalon.core.webui.keyword.WebUiBuiltInKeywords$verifyElementPresent$3.call(Unknown Source)
	at Logout.run(Logout:18)
	at com.kms.katalon.core.main.ScriptEngine.run(ScriptEngine.java:194)
	at com.kms.katalon.core.main.ScriptEngine.runScriptAsRawText(ScriptEngine.java:119)
	at com.kms.katalon.core.main.TestCaseExecutor.runScript(TestCaseExecutor.java:321)
	at com.kms.katalon.core.main.TestCaseExecutor.doExecute(TestCaseExecutor.java:312)
	at com.kms.katalon.core.main.TestCaseExecutor.processExecutionPhase(TestCaseExecutor.java:291)
	at com.kms.katalon.core.main.TestCaseExecutor.accessMainPhase(TestCaseExecutor.java:283)
	at com.kms.katalon.core.main.TestCaseExecutor.execute(TestCaseExecutor.java:222)
	at com.kms.katalon.core.main.TestCaseMain.runTestCase(TestCaseMain.java:106)
	at com.kms.katalon.core.keyword.builtin.CallTestCaseKeyword$_callTestCase_closure1.doCall(CallTestCaseKeyword.groovy:59)
	at com.kms.katalon.core.keyword.builtin.CallTestCaseKeyword$_callTestCase_closure1.call(CallTestCaseKeyword.groovy)
	at com.kms.katalon.core.keyword.internal.KeywordMain.runKeyword(KeywordMain.groovy:54)
	at com.kms.katalon.core.keyword.builtin.CallTestCaseKeyword.callTestCase(CallTestCaseKeyword.groovy:80)
	at com.kms.katalon.core.keyword.builtin.CallTestCaseKeyword.execute(CallTestCaseKeyword.groovy:44)
	at com.kms.katalon.core.keyword.internal.KeywordExecutor.executeKeywordForPlatform(KeywordExecutor.groovy:53)
	at com.kms.katalon.core.keyword.BuiltinKeywords.callTestCase(BuiltinKeywords.groovy:334)
	at Verify- Correct Signin.run(Verify- Correct Signin:34)
	at com.kms.katalon.core.main.ScriptEngine.run(ScriptEngine.java:194)
	at com.kms.katalon.core.main.ScriptEngine.runScriptAsRawText(ScriptEngine.java:119)
	at com.kms.katalon.core.main.TestCaseExecutor.runScript(TestCaseExecutor.java:321)
	at com.kms.katalon.core.main.TestCaseExecutor.doExecute(TestCaseExecutor.java:312)
	at com.kms.katalon.core.main.TestCaseExecutor.processExecutionPhase(TestCaseExecutor.java:291)
	at com.kms.katalon.core.main.TestCaseExecutor.accessMainPhase(TestCaseExecutor.java:283)
	at com.kms.katalon.core.main.TestCaseExecutor.execute(TestCaseExecutor.java:222)
	at com.kms.katalon.core.main.TestSuiteExecutor.accessTestCaseMainPhase(TestSuiteExecutor.java:129)
	at com.kms.katalon.core.main.TestSuiteExecutor.accessTestSuiteMainPhase(TestSuiteExecutor.java:112)
	at com.kms.katalon.core.main.TestSuiteExecutor.execute(TestSuiteExecutor.java:81)
	at com.kms.katalon.core.main.TestCaseMain.startTestSuite(TestCaseMain.java:149)
	at com.kms.katalon.core.main.TestCaseMain$startTestSuite$0.call(Unknown Source)
	at TempTestSuite1544716632010.run(TempTestSuite1544716632010.groovy:36)
"/>
         <system-out><![CDATA[2018-12-13 18:58:42 - [TEST_CASE][FAILED] - Test Cases/SignIn/Verify- Correct Signin: Test Cases/SignIn/Verify- Correct Signin FAILED.
Reason:
com.kms.katalon.core.exception.StepFailedException: Unable to verify object 'Object Repository/Signin Page/Element -My Account' is present (Root cause: com.kms.katalon.core.exception.StepFailedException: com.kms.katalon.core.webui.exception.WebElementNotFoundException: Web element with id: 'Object Repository/Signin Page/Element -My Account' located by 'By.xpath: //span[contains(text(),'My Account')]' not found)
	at com.kms.katalon.core.keyword.internal.KeywordMain.stepFailed(KeywordMain.groovy:36)
	at com.kms.katalon.core.webui.keyword.internal.WebUIKeywordMain.stepFailed(WebUIKeywordMain.groovy:65)
	at com.kms.katalon.core.webui.keyword.internal.WebUIKeywordMain.runKeyword(WebUIKeywordMain.groovy:27)
	at com.kms.katalon.core.webui.keyword.builtin.VerifyElementPresentKeyword.verifyElementPresent(VerifyElementPresentKeyword.groovy:92)
	at com.kms.katalon.core.webui.keyword.builtin.VerifyElementPresentKeyword.execute(VerifyElementPresentKeyword.groovy:68)
	at com.kms.katalon.core.keyword.internal.KeywordExecutor.executeKeywordForPlatform(KeywordExecutor.groovy:53)
	at com.kms.katalon.core.webui.keyword.WebUiBuiltInKeywords.verifyElementPresent(WebUiBuiltInKeywords.groovy:1434)
	at com.kms.katalon.core.webui.keyword.WebUiBuiltInKeywords$verifyElementPresent$3.call(Unknown Source)
	at Logout.run(Logout:18)
	at com.kms.katalon.core.main.ScriptEngine.run(ScriptEngine.java:194)
	at com.kms.katalon.core.main.ScriptEngine.runScriptAsRawText(ScriptEngine.java:119)
	at com.kms.katalon.core.main.TestCaseExecutor.runScript(TestCaseExecutor.java:321)
	at com.kms.katalon.core.main.TestCaseExecutor.doExecute(TestCaseExecutor.java:312)
	at com.kms.katalon.core.main.TestCaseExecutor.processExecutionPhase(TestCaseExecutor.java:291)
	at com.kms.katalon.core.main.TestCaseExecutor.accessMainPhase(TestCaseExecutor.java:283)
	at com.kms.katalon.core.main.TestCaseExecutor.execute(TestCaseExecutor.java:222)
	at com.kms.katalon.core.main.TestCaseMain.runTestCase(TestCaseMain.java:106)
	at com.kms.katalon.core.keyword.builtin.CallTestCaseKeyword$_callTestCase_closure1.doCall(CallTestCaseKeyword.groovy:59)
	at com.kms.katalon.core.keyword.builtin.CallTestCaseKeyword$_callTestCase_closure1.call(CallTestCaseKeyword.groovy)
	at com.kms.katalon.core.keyword.internal.KeywordMain.runKeyword(KeywordMain.groovy:54)
	at com.kms.katalon.core.keyword.builtin.CallTestCaseKeyword.callTestCase(CallTestCaseKeyword.groovy:80)
	at com.kms.katalon.core.keyword.builtin.CallTestCaseKeyword.execute(CallTestCaseKeyword.groovy:44)
	at com.kms.katalon.core.keyword.internal.KeywordExecutor.executeKeywordForPlatform(KeywordExecutor.groovy:53)
	at com.kms.katalon.core.keyword.BuiltinKeywords.callTestCase(BuiltinKeywords.groovy:334)
	at Verify- Correct Signin.run(Verify- Correct Signin:34)
	at com.kms.katalon.core.main.ScriptEngine.run(ScriptEngine.java:194)
	at com.kms.katalon.core.main.ScriptEngine.runScriptAsRawText(ScriptEngine.java:119)
	at com.kms.katalon.core.main.TestCaseExecutor.runScript(TestCaseExecutor.java:321)
	at com.kms.katalon.core.main.TestCaseExecutor.doExecute(TestCaseExecutor.java:312)
	at com.kms.katalon.core.main.TestCaseExecutor.processExecutionPhase(TestCaseExecutor.java:291)
	at com.kms.katalon.core.main.TestCaseExecutor.accessMainPhase(TestCaseExecutor.java:283)
	at com.kms.katalon.core.main.TestCaseExecutor.execute(TestCaseExecutor.java:222)
	at com.kms.katalon.core.main.TestSuiteExecutor.accessTestCaseMainPhase(TestSuiteExecutor.java:129)
	at com.kms.katalon.core.main.TestSuiteExecutor.accessTestSuiteMainPhase(TestSuiteExecutor.java:112)
	at com.kms.katalon.core.main.TestSuiteExecutor.execute(TestSuiteExecutor.java:81)
	at com.kms.katalon.core.main.TestCaseMain.startTestSuite(TestCaseMain.java:149)
	at com.kms.katalon.core.main.TestCaseMain$startTestSuite$0.call(Unknown Source)
	at TempTestSuite1544716632010.run(TempTestSuite1544716632010.groovy:36)


2018-12-13 18:58:42 - [TEST_STEP][PASSED] - openBrowser(baseURL): Browser is opened with url: 'https://www.masoko.com/'

2018-12-13 18:58:42 - [MESSAGE][WARNING] - A browser is already opened. Closing browser and opening a new one

2018-12-13 18:58:43 - [MESSAGE][INFO] - Starting 'Chrome' driver

2018-12-13 18:58:53 - [MESSAGE][PASSED] - Browser is opened with url: 'https://www.masoko.com/'

2018-12-13 18:58:53 - [TEST_STEP][PASSED] - maximizeWindow(): Current window maximized

2018-12-13 18:58:54 - [MESSAGE][PASSED] - Current window maximized

2018-12-13 18:58:54 - [TEST_STEP][PASSED] - click(findTestObject("Signin Page/Link- SignIn")): Object: 'Object Repository/Signin Page/Link- SignIn' is clicked on

2018-12-13 18:58:58 - [MESSAGE][PASSED] - Object: 'Object Repository/Signin Page/Link- SignIn' is clicked on

2018-12-13 18:58:58 - [TEST_STEP][PASSED] - delay(3): Delayed 3 second(s)

2018-12-13 18:59:01 - [MESSAGE][PASSED] - Delayed 3 second(s)

2018-12-13 18:59:01 - [TEST_STEP][PASSED] - sendKeys(findTestObject("Signin Page/Input-Email"), findTestData("Datasource").getValue(4, 1)): Keys 'gichuhikid@gmail.com' sent to object: 'Object Repository/Signin Page/Input-Email'

2018-12-13 18:59:02 - [MESSAGE][PASSED] - Keys 'gichuhikid@gmail.com' sent to object: 'Object Repository/Signin Page/Input-Email'

2018-12-13 18:59:02 - [TEST_STEP][PASSED] - delay(3): Delayed 3 second(s)

2018-12-13 18:59:05 - [MESSAGE][PASSED] - Delayed 3 second(s)

2018-12-13 18:59:05 - [TEST_STEP][PASSED] - setEncryptedText(findTestObject("Signin Page/Input-Password"), "dg5xLn3Kdje4IG74Nn0kqg=="): Text ****** has been set on object 'Object Repository/Signin Page/Input-Password'

2018-12-13 18:59:05 - [MESSAGE][PASSED] - Text ****** has been set on object 'Object Repository/Signin Page/Input-Password'

2018-12-13 18:59:05 - [TEST_STEP][PASSED] - delay(3): Delayed 3 second(s)

2018-12-13 18:59:08 - [MESSAGE][PASSED] - Delayed 3 second(s)

2018-12-13 18:59:08 - [TEST_STEP][PASSED] - click(findTestObject("Signin Page/Button-Signin")): Object: 'Object Repository/Signin Page/Button-Signin' is clicked on

2018-12-13 18:59:24 - [MESSAGE][PASSED] - Object: 'Object Repository/Signin Page/Button-Signin' is clicked on

2018-12-13 18:59:24 - [TEST_STEP][FAILED] - callTestCase(findTestCase("SignIn/Logout"), [:], STOP_ON_FAILURE): callTestCase(findTestCase("SignIn/Logout"), [:], STOP_ON_FAILURE) FAILED.
Reason:
com.kms.katalon.core.exception.StepFailedException: Unable to verify object 'Object Repository/Signin Page/Element -My Account' is present (Root cause: com.kms.katalon.core.exception.StepFailedException: com.kms.katalon.core.webui.exception.WebElementNotFoundException: Web element with id: 'Object Repository/Signin Page/Element -My Account' located by 'By.xpath: //span[contains(text(),'My Account')]' not found)
	at com.kms.katalon.core.keyword.internal.KeywordMain.stepFailed(KeywordMain.groovy:36)
	at com.kms.katalon.core.webui.keyword.internal.WebUIKeywordMain.stepFailed(WebUIKeywordMain.groovy:65)
	at com.kms.katalon.core.webui.keyword.internal.WebUIKeywordMain.runKeyword(WebUIKeywordMain.groovy:27)
	at com.kms.katalon.core.webui.keyword.builtin.VerifyElementPresentKeyword.verifyElementPresent(VerifyElementPresentKeyword.groovy:92)
	at com.kms.katalon.core.webui.keyword.builtin.VerifyElementPresentKeyword.execute(VerifyElementPresentKeyword.groovy:68)
	at com.kms.katalon.core.keyword.internal.KeywordExecutor.executeKeywordForPlatform(KeywordExecutor.groovy:53)
	at com.kms.katalon.core.webui.keyword.WebUiBuiltInKeywords.verifyElementPresent(WebUiBuiltInKeywords.groovy:1434)
	at com.kms.katalon.core.webui.keyword.WebUiBuiltInKeywords$verifyElementPresent$3.call(Unknown Source)
	at Logout.run(Logout:18)
	at com.kms.katalon.core.main.ScriptEngine.run(ScriptEngine.java:194)
	at com.kms.katalon.core.main.ScriptEngine.runScriptAsRawText(ScriptEngine.java:119)
	at com.kms.katalon.core.main.TestCaseExecutor.runScript(TestCaseExecutor.java:321)
	at com.kms.katalon.core.main.TestCaseExecutor.doExecute(TestCaseExecutor.java:312)
	at com.kms.katalon.core.main.TestCaseExecutor.processExecutionPhase(TestCaseExecutor.java:291)
	at com.kms.katalon.core.main.TestCaseExecutor.accessMainPhase(TestCaseExecutor.java:283)
	at com.kms.katalon.core.main.TestCaseExecutor.execute(TestCaseExecutor.java:222)
	at com.kms.katalon.core.main.TestCaseMain.runTestCase(TestCaseMain.java:106)
	at com.kms.katalon.core.keyword.builtin.CallTestCaseKeyword$_callTestCase_closure1.doCall(CallTestCaseKeyword.groovy:59)
	at com.kms.katalon.core.keyword.builtin.CallTestCaseKeyword$_callTestCase_closure1.call(CallTestCaseKeyword.groovy)
	at com.kms.katalon.core.keyword.internal.KeywordMain.runKeyword(KeywordMain.groovy:54)
	at com.kms.katalon.core.keyword.builtin.CallTestCaseKeyword.callTestCase(CallTestCaseKeyword.groovy:80)
	at com.kms.katalon.core.keyword.builtin.CallTestCaseKeyword.execute(CallTestCaseKeyword.groovy:44)
	at com.kms.katalon.core.keyword.internal.KeywordExecutor.executeKeywordForPlatform(KeywordExecutor.groovy:53)
	at com.kms.katalon.core.keyword.BuiltinKeywords.callTestCase(BuiltinKeywords.groovy:334)
	at Verify- Correct Signin.run(Verify- Correct Signin:34)
	at com.kms.katalon.core.main.ScriptEngine.run(ScriptEngine.java:194)
	at com.kms.katalon.core.main.ScriptEngine.runScriptAsRawText(ScriptEngine.java:119)
	at com.kms.katalon.core.main.TestCaseExecutor.runScript(TestCaseExecutor.java:321)
	at com.kms.katalon.core.main.TestCaseExecutor.doExecute(TestCaseExecutor.java:312)
	at com.kms.katalon.core.main.TestCaseExecutor.processExecutionPhase(TestCaseExecutor.java:291)
	at com.kms.katalon.core.main.TestCaseExecutor.accessMainPhase(TestCaseExecutor.java:283)
	at com.kms.katalon.core.main.TestCaseExecutor.execute(TestCaseExecutor.java:222)
	at com.kms.katalon.core.main.TestSuiteExecutor.accessTestCaseMainPhase(TestSuiteExecutor.java:129)
	at com.kms.katalon.core.main.TestSuiteExecutor.accessTestSuiteMainPhase(TestSuiteExecutor.java:112)
	at com.kms.katalon.core.main.TestSuiteExecutor.execute(TestSuiteExecutor.java:81)
	at com.kms.katalon.core.main.TestCaseMain.startTestSuite(TestCaseMain.java:149)
	at com.kms.katalon.core.main.TestCaseMain$startTestSuite$0.call(Unknown Source)
	at TempTestSuite1544716632010.run(TempTestSuite1544716632010.groovy:36)


2018-12-13 18:59:24 - [TEST_CASE][FAILED] - Test Cases/SignIn/Logout: Test Cases/SignIn/Logout FAILED.
Reason:
com.kms.katalon.core.exception.StepFailedException: Unable to verify object 'Object Repository/Signin Page/Element -My Account' is present (Root cause: com.kms.katalon.core.exception.StepFailedException: com.kms.katalon.core.webui.exception.WebElementNotFoundException: Web element with id: 'Object Repository/Signin Page/Element -My Account' located by 'By.xpath: //span[contains(text(),'My Account')]' not found)
	at com.kms.katalon.core.keyword.internal.KeywordMain.stepFailed(KeywordMain.groovy:36)
	at com.kms.katalon.core.webui.keyword.internal.WebUIKeywordMain.stepFailed(WebUIKeywordMain.groovy:65)
	at com.kms.katalon.core.webui.keyword.internal.WebUIKeywordMain.runKeyword(WebUIKeywordMain.groovy:27)
	at com.kms.katalon.core.webui.keyword.builtin.VerifyElementPresentKeyword.verifyElementPresent(VerifyElementPresentKeyword.groovy:92)
	at com.kms.katalon.core.webui.keyword.builtin.VerifyElementPresentKeyword.execute(VerifyElementPresentKeyword.groovy:68)
	at com.kms.katalon.core.keyword.internal.KeywordExecutor.executeKeywordForPlatform(KeywordExecutor.groovy:53)
	at com.kms.katalon.core.webui.keyword.WebUiBuiltInKeywords.verifyElementPresent(WebUiBuiltInKeywords.groovy:1434)
	at com.kms.katalon.core.webui.keyword.WebUiBuiltInKeywords$verifyElementPresent$3.call(Unknown Source)
	at Logout.run(Logout:18)
	at com.kms.katalon.core.main.ScriptEngine.run(ScriptEngine.java:194)
	at com.kms.katalon.core.main.ScriptEngine.runScriptAsRawText(ScriptEngine.java:119)
	at com.kms.katalon.core.main.TestCaseExecutor.runScript(TestCaseExecutor.java:321)
	at com.kms.katalon.core.main.TestCaseExecutor.doExecute(TestCaseExecutor.java:312)
	at com.kms.katalon.core.main.TestCaseExecutor.processExecutionPhase(TestCaseExecutor.java:291)
	at com.kms.katalon.core.main.TestCaseExecutor.accessMainPhase(TestCaseExecutor.java:283)
	at com.kms.katalon.core.main.TestCaseExecutor.execute(TestCaseExecutor.java:222)
	at com.kms.katalon.core.main.TestCaseMain.runTestCase(TestCaseMain.java:106)
	at com.kms.katalon.core.keyword.builtin.CallTestCaseKeyword$_callTestCase_closure1.doCall(CallTestCaseKeyword.groovy:59)
	at com.kms.katalon.core.keyword.builtin.CallTestCaseKeyword$_callTestCase_closure1.call(CallTestCaseKeyword.groovy)
	at com.kms.katalon.core.keyword.internal.KeywordMain.runKeyword(KeywordMain.groovy:54)
	at com.kms.katalon.core.keyword.builtin.CallTestCaseKeyword.callTestCase(CallTestCaseKeyword.groovy:80)
	at com.kms.katalon.core.keyword.builtin.CallTestCaseKeyword.execute(CallTestCaseKeyword.groovy:44)
	at com.kms.katalon.core.keyword.internal.KeywordExecutor.executeKeywordForPlatform(KeywordExecutor.groovy:53)
	at com.kms.katalon.core.keyword.BuiltinKeywords.callTestCase(BuiltinKeywords.groovy:334)
	at Verify- Correct Signin.run(Verify- Correct Signin:34)
	at com.kms.katalon.core.main.ScriptEngine.run(ScriptEngine.java:194)
	at com.kms.katalon.core.main.ScriptEngine.runScriptAsRawText(ScriptEngine.java:119)
	at com.kms.katalon.core.main.TestCaseExecutor.runScript(TestCaseExecutor.java:321)
	at com.kms.katalon.core.main.TestCaseExecutor.doExecute(TestCaseExecutor.java:312)
	at com.kms.katalon.core.main.TestCaseExecutor.processExecutionPhase(TestCaseExecutor.java:291)
	at com.kms.katalon.core.main.TestCaseExecutor.accessMainPhase(TestCaseExecutor.java:283)
	at com.kms.katalon.core.main.TestCaseExecutor.execute(TestCaseExecutor.java:222)
	at com.kms.katalon.core.main.TestSuiteExecutor.accessTestCaseMainPhase(TestSuiteExecutor.java:129)
	at com.kms.katalon.core.main.TestSuiteExecutor.accessTestSuiteMainPhase(TestSuiteExecutor.java:112)
	at com.kms.katalon.core.main.TestSuiteExecutor.execute(TestSuiteExecutor.java:81)
	at com.kms.katalon.core.main.TestCaseMain.startTestSuite(TestCaseMain.java:149)
	at com.kms.katalon.core.main.TestCaseMain$startTestSuite$0.call(Unknown Source)
	at TempTestSuite1544716632010.run(TempTestSuite1544716632010.groovy:36)


2018-12-13 18:59:24 - [TEST_STEP][PASSED] - delay(3): Delayed 3 second(s)

2018-12-13 18:59:27 - [MESSAGE][PASSED] - Delayed 3 second(s)

2018-12-13 18:59:27 - [TEST_STEP][FAILED] - verifyElementPresent(findTestObject("Signin Page/Element -My Account"), 5): verifyElementPresent(findTestObject("Signin Page/Element -My Account"), 5) FAILED.
Reason:
com.kms.katalon.core.exception.StepFailedException: Unable to verify object 'Object Repository/Signin Page/Element -My Account' is present (Root cause: com.kms.katalon.core.exception.StepFailedException: com.kms.katalon.core.webui.exception.WebElementNotFoundException: Web element with id: 'Object Repository/Signin Page/Element -My Account' located by 'By.xpath: //span[contains(text(),'My Account')]' not found)
	at com.kms.katalon.core.keyword.internal.KeywordMain.stepFailed(KeywordMain.groovy:36)
	at com.kms.katalon.core.webui.keyword.internal.WebUIKeywordMain.stepFailed(WebUIKeywordMain.groovy:65)
	at com.kms.katalon.core.webui.keyword.internal.WebUIKeywordMain.runKeyword(WebUIKeywordMain.groovy:27)
	at com.kms.katalon.core.webui.keyword.builtin.VerifyElementPresentKeyword.verifyElementPresent(VerifyElementPresentKeyword.groovy:92)
	at com.kms.katalon.core.webui.keyword.builtin.VerifyElementPresentKeyword.execute(VerifyElementPresentKeyword.groovy:68)
	at com.kms.katalon.core.keyword.internal.KeywordExecutor.executeKeywordForPlatform(KeywordExecutor.groovy:53)
	at com.kms.katalon.core.webui.keyword.WebUiBuiltInKeywords.verifyElementPresent(WebUiBuiltInKeywords.groovy:1434)
	at com.kms.katalon.core.webui.keyword.WebUiBuiltInKeywords$verifyElementPresent$3.call(Unknown Source)
	at Logout.run(Logout:18)
	at com.kms.katalon.core.main.ScriptEngine.run(ScriptEngine.java:194)
	at com.kms.katalon.core.main.ScriptEngine.runScriptAsRawText(ScriptEngine.java:119)
	at com.kms.katalon.core.main.TestCaseExecutor.runScript(TestCaseExecutor.java:321)
	at com.kms.katalon.core.main.TestCaseExecutor.doExecute(TestCaseExecutor.java:312)
	at com.kms.katalon.core.main.TestCaseExecutor.processExecutionPhase(TestCaseExecutor.java:291)
	at com.kms.katalon.core.main.TestCaseExecutor.accessMainPhase(TestCaseExecutor.java:283)
	at com.kms.katalon.core.main.TestCaseExecutor.execute(TestCaseExecutor.java:222)
	at com.kms.katalon.core.main.TestCaseMain.runTestCase(TestCaseMain.java:106)
	at com.kms.katalon.core.keyword.builtin.CallTestCaseKeyword$_callTestCase_closure1.doCall(CallTestCaseKeyword.groovy:59)
	at com.kms.katalon.core.keyword.builtin.CallTestCaseKeyword$_callTestCase_closure1.call(CallTestCaseKeyword.groovy)
	at com.kms.katalon.core.keyword.internal.KeywordMain.runKeyword(KeywordMain.groovy:54)
	at com.kms.katalon.core.keyword.builtin.CallTestCaseKeyword.callTestCase(CallTestCaseKeyword.groovy:80)
	at com.kms.katalon.core.keyword.builtin.CallTestCaseKeyword.execute(CallTestCaseKeyword.groovy:44)
	at com.kms.katalon.core.keyword.internal.KeywordExecutor.executeKeywordForPlatform(KeywordExecutor.groovy:53)
	at com.kms.katalon.core.keyword.BuiltinKeywords.callTestCase(BuiltinKeywords.groovy:334)
	at Verify- Correct Signin.run(Verify- Correct Signin:34)
	at com.kms.katalon.core.main.ScriptEngine.run(ScriptEngine.java:194)
	at com.kms.katalon.core.main.ScriptEngine.runScriptAsRawText(ScriptEngine.java:119)
	at com.kms.katalon.core.main.TestCaseExecutor.runScript(TestCaseExecutor.java:321)
	at com.kms.katalon.core.main.TestCaseExecutor.doExecute(TestCaseExecutor.java:312)
	at com.kms.katalon.core.main.TestCaseExecutor.processExecutionPhase(TestCaseExecutor.java:291)
	at com.kms.katalon.core.main.TestCaseExecutor.accessMainPhase(TestCaseExecutor.java:283)
	at com.kms.katalon.core.main.TestCaseExecutor.execute(TestCaseExecutor.java:222)
	at com.kms.katalon.core.main.TestSuiteExecutor.accessTestCaseMainPhase(TestSuiteExecutor.java:129)
	at com.kms.katalon.core.main.TestSuiteExecutor.accessTestSuiteMainPhase(TestSuiteExecutor.java:112)
	at com.kms.katalon.core.main.TestSuiteExecutor.execute(TestSuiteExecutor.java:81)
	at com.kms.katalon.core.main.TestCaseMain.startTestSuite(TestCaseMain.java:149)
	at com.kms.katalon.core.main.TestCaseMain$startTestSuite$0.call(Unknown Source)
	at TempTestSuite1544716632010.run(TempTestSuite1544716632010.groovy:36)


2018-12-13 18:59:32 - [MESSAGE][INFO] - Unable to find the element located by 'By.xpath: //span[contains(text(),'My Account')]'. Please recheck the objects properties to make sure the desired element is located. 

2018-12-13 18:59:33 - [MESSAGE][FAILED] - com.kms.katalon.core.webui.exception.WebElementNotFoundException: Web element with id: 'Object Repository/Signin Page/Element -My Account' located by 'By.xpath: //span[contains(text(),'My Account')]' not found
[[ATTACHMENT|C:\\Users\\user\\Documents\\Masoko-master\\Reports\\SignIn Validation\\20181213_185711\\1544716772827.png]]

2018-12-13 18:59:33 - [MESSAGE][FAILED] - Unable to verify object 'Object Repository/Signin Page/Element -My Account' is present (Root cause: com.kms.katalon.core.exception.StepFailedException: com.kms.katalon.core.webui.exception.WebElementNotFoundException: Web element with id: 'Object Repository/Signin Page/Element -My Account' located by 'By.xpath: //span[contains(text(),'My Account')]' not found)
[[ATTACHMENT|C:\\Users\\user\\Documents\\Masoko-master\\Reports\\SignIn Validation\\20181213_185711\\1544716773199.png]]

2018-12-13 18:59:33 - [MESSAGE][FAILED] - verifyElementPresent(findTestObject("Signin Page/Element -My Account"), 5) FAILED.
Reason:
com.kms.katalon.core.exception.StepFailedException: Unable to verify object 'Object Repository/Signin Page/Element -My Account' is present (Root cause: com.kms.katalon.core.exception.StepFailedException: com.kms.katalon.core.webui.exception.WebElementNotFoundException: Web element with id: 'Object Repository/Signin Page/Element -My Account' located by 'By.xpath: //span[contains(text(),'My Account')]' not found)
	at com.kms.katalon.core.keyword.internal.KeywordMain.stepFailed(KeywordMain.groovy:36)
	at com.kms.katalon.core.webui.keyword.internal.WebUIKeywordMain.stepFailed(WebUIKeywordMain.groovy:65)
	at com.kms.katalon.core.webui.keyword.internal.WebUIKeywordMain.runKeyword(WebUIKeywordMain.groovy:27)
	at com.kms.katalon.core.webui.keyword.builtin.VerifyElementPresentKeyword.verifyElementPresent(VerifyElementPresentKeyword.groovy:92)
	at com.kms.katalon.core.webui.keyword.builtin.VerifyElementPresentKeyword.execute(VerifyElementPresentKeyword.groovy:68)
	at com.kms.katalon.core.keyword.internal.KeywordExecutor.executeKeywordForPlatform(KeywordExecutor.groovy:53)
	at com.kms.katalon.core.webui.keyword.WebUiBuiltInKeywords.verifyElementPresent(WebUiBuiltInKeywords.groovy:1434)
	at com.kms.katalon.core.webui.keyword.WebUiBuiltInKeywords$verifyElementPresent$3.call(Unknown Source)
	at Logout.run(Logout:18)
	at com.kms.katalon.core.main.ScriptEngine.run(ScriptEngine.java:194)
	at com.kms.katalon.core.main.ScriptEngine.runScriptAsRawText(ScriptEngine.java:119)
	at com.kms.katalon.core.main.TestCaseExecutor.runScript(TestCaseExecutor.java:321)
	at com.kms.katalon.core.main.TestCaseExecutor.doExecute(TestCaseExecutor.java:312)
	at com.kms.katalon.core.main.TestCaseExecutor.processExecutionPhase(TestCaseExecutor.java:291)
	at com.kms.katalon.core.main.TestCaseExecutor.accessMainPhase(TestCaseExecutor.java:283)
	at com.kms.katalon.core.main.TestCaseExecutor.execute(TestCaseExecutor.java:222)
	at com.kms.katalon.core.main.TestCaseMain.runTestCase(TestCaseMain.java:106)
	at com.kms.katalon.core.keyword.builtin.CallTestCaseKeyword$_callTestCase_closure1.doCall(CallTestCaseKeyword.groovy:59)
	at com.kms.katalon.core.keyword.builtin.CallTestCaseKeyword$_callTestCase_closure1.call(CallTestCaseKeyword.groovy)
	at com.kms.katalon.core.keyword.internal.KeywordMain.runKeyword(KeywordMain.groovy:54)
	at com.kms.katalon.core.keyword.builtin.CallTestCaseKeyword.callTestCase(CallTestCaseKeyword.groovy:80)
	at com.kms.katalon.core.keyword.builtin.CallTestCaseKeyword.execute(CallTestCaseKeyword.groovy:44)
	at com.kms.katalon.core.keyword.internal.KeywordExecutor.executeKeywordForPlatform(KeywordExecutor.groovy:53)
	at com.kms.katalon.core.keyword.BuiltinKeywords.callTestCase(BuiltinKeywords.groovy:334)
	at Verify- Correct Signin.run(Verify- Correct Signin:34)
	at com.kms.katalon.core.main.ScriptEngine.run(ScriptEngine.java:194)
	at com.kms.katalon.core.main.ScriptEngine.runScriptAsRawText(ScriptEngine.java:119)
	at com.kms.katalon.core.main.TestCaseExecutor.runScript(TestCaseExecutor.java:321)
	at com.kms.katalon.core.main.TestCaseExecutor.doExecute(TestCaseExecutor.java:312)
	at com.kms.katalon.core.main.TestCaseExecutor.processExecutionPhase(TestCaseExecutor.java:291)
	at com.kms.katalon.core.main.TestCaseExecutor.accessMainPhase(TestCaseExecutor.java:283)
	at com.kms.katalon.core.main.TestCaseExecutor.execute(TestCaseExecutor.java:222)
	at com.kms.katalon.core.main.TestSuiteExecutor.accessTestCaseMainPhase(TestSuiteExecutor.java:129)
	at com.kms.katalon.core.main.TestSuiteExecutor.accessTestSuiteMainPhase(TestSuiteExecutor.java:112)
	at com.kms.katalon.core.main.TestSuiteExecutor.execute(TestSuiteExecutor.java:81)
	at com.kms.katalon.core.main.TestCaseMain.startTestSuite(TestCaseMain.java:149)
	at com.kms.katalon.core.main.TestCaseMain$startTestSuite$0.call(Unknown Source)
	at TempTestSuite1544716632010.run(TempTestSuite1544716632010.groovy:36)


2018-12-13 18:59:33 - [MESSAGE][FAILED] - Unable to call Test Case 'Test Cases/SignIn/Logout' (Root cause: com.kms.katalon.core.exception.StepFailedException: Call Test Case 'Test Cases/SignIn/Logout' failed)

2018-12-13 18:59:33 - [MESSAGE][FAILED] - callTestCase(findTestCase("SignIn/Logout"), [:], STOP_ON_FAILURE) FAILED.
Reason:
com.kms.katalon.core.exception.StepFailedException: Unable to verify object 'Object Repository/Signin Page/Element -My Account' is present (Root cause: com.kms.katalon.core.exception.StepFailedException: com.kms.katalon.core.webui.exception.WebElementNotFoundException: Web element with id: 'Object Repository/Signin Page/Element -My Account' located by 'By.xpath: //span[contains(text(),'My Account')]' not found)
	at com.kms.katalon.core.keyword.internal.KeywordMain.stepFailed(KeywordMain.groovy:36)
	at com.kms.katalon.core.webui.keyword.internal.WebUIKeywordMain.stepFailed(WebUIKeywordMain.groovy:65)
	at com.kms.katalon.core.webui.keyword.internal.WebUIKeywordMain.runKeyword(WebUIKeywordMain.groovy:27)
	at com.kms.katalon.core.webui.keyword.builtin.VerifyElementPresentKeyword.verifyElementPresent(VerifyElementPresentKeyword.groovy:92)
	at com.kms.katalon.core.webui.keyword.builtin.VerifyElementPresentKeyword.execute(VerifyElementPresentKeyword.groovy:68)
	at com.kms.katalon.core.keyword.internal.KeywordExecutor.executeKeywordForPlatform(KeywordExecutor.groovy:53)
	at com.kms.katalon.core.webui.keyword.WebUiBuiltInKeywords.verifyElementPresent(WebUiBuiltInKeywords.groovy:1434)
	at com.kms.katalon.core.webui.keyword.WebUiBuiltInKeywords$verifyElementPresent$3.call(Unknown Source)
	at Logout.run(Logout:18)
	at com.kms.katalon.core.main.ScriptEngine.run(ScriptEngine.java:194)
	at com.kms.katalon.core.main.ScriptEngine.runScriptAsRawText(ScriptEngine.java:119)
	at com.kms.katalon.core.main.TestCaseExecutor.runScript(TestCaseExecutor.java:321)
	at com.kms.katalon.core.main.TestCaseExecutor.doExecute(TestCaseExecutor.java:312)
	at com.kms.katalon.core.main.TestCaseExecutor.processExecutionPhase(TestCaseExecutor.java:291)
	at com.kms.katalon.core.main.TestCaseExecutor.accessMainPhase(TestCaseExecutor.java:283)
	at com.kms.katalon.core.main.TestCaseExecutor.execute(TestCaseExecutor.java:222)
	at com.kms.katalon.core.main.TestCaseMain.runTestCase(TestCaseMain.java:106)
	at com.kms.katalon.core.keyword.builtin.CallTestCaseKeyword$_callTestCase_closure1.doCall(CallTestCaseKeyword.groovy:59)
	at com.kms.katalon.core.keyword.builtin.CallTestCaseKeyword$_callTestCase_closure1.call(CallTestCaseKeyword.groovy)
	at com.kms.katalon.core.keyword.internal.KeywordMain.runKeyword(KeywordMain.groovy:54)
	at com.kms.katalon.core.keyword.builtin.CallTestCaseKeyword.callTestCase(CallTestCaseKeyword.groovy:80)
	at com.kms.katalon.core.keyword.builtin.CallTestCaseKeyword.execute(CallTestCaseKeyword.groovy:44)
	at com.kms.katalon.core.keyword.internal.KeywordExecutor.executeKeywordForPlatform(KeywordExecutor.groovy:53)
	at com.kms.katalon.core.keyword.BuiltinKeywords.callTestCase(BuiltinKeywords.groovy:334)
	at Verify- Correct Signin.run(Verify- Correct Signin:34)
	at com.kms.katalon.core.main.ScriptEngine.run(ScriptEngine.java:194)
	at com.kms.katalon.core.main.ScriptEngine.runScriptAsRawText(ScriptEngine.java:119)
	at com.kms.katalon.core.main.TestCaseExecutor.runScript(TestCaseExecutor.java:321)
	at com.kms.katalon.core.main.TestCaseExecutor.doExecute(TestCaseExecutor.java:312)
	at com.kms.katalon.core.main.TestCaseExecutor.processExecutionPhase(TestCaseExecutor.java:291)
	at com.kms.katalon.core.main.TestCaseExecutor.accessMainPhase(TestCaseExecutor.java:283)
	at com.kms.katalon.core.main.TestCaseExecutor.execute(TestCaseExecutor.java:222)
	at com.kms.katalon.core.main.TestSuiteExecutor.accessTestCaseMainPhase(TestSuiteExecutor.java:129)
	at com.kms.katalon.core.main.TestSuiteExecutor.accessTestSuiteMainPhase(TestSuiteExecutor.java:112)
	at com.kms.katalon.core.main.TestSuiteExecutor.execute(TestSuiteExecutor.java:81)
	at com.kms.katalon.core.main.TestCaseMain.startTestSuite(TestCaseMain.java:149)
	at com.kms.katalon.core.main.TestCaseMain$startTestSuite$0.call(Unknown Source)
	at TempTestSuite1544716632010.run(TempTestSuite1544716632010.groovy:36)]]></system-out>
         <system-err><![CDATA[2018-12-13 18:58:42 - [TEST_CASE][FAILED] - Test Cases/SignIn/Verify- Correct Signin: Test Cases/SignIn/Verify- Correct Signin FAILED.
Reason:
com.kms.katalon.core.exception.StepFailedException: Unable to verify object 'Object Repository/Signin Page/Element -My Account' is present (Root cause: com.kms.katalon.core.exception.StepFailedException: com.kms.katalon.core.webui.exception.WebElementNotFoundException: Web element with id: 'Object Repository/Signin Page/Element -My Account' located by 'By.xpath: //span[contains(text(),'My Account')]' not found)
	at com.kms.katalon.core.keyword.internal.KeywordMain.stepFailed(KeywordMain.groovy:36)
	at com.kms.katalon.core.webui.keyword.internal.WebUIKeywordMain.stepFailed(WebUIKeywordMain.groovy:65)
	at com.kms.katalon.core.webui.keyword.internal.WebUIKeywordMain.runKeyword(WebUIKeywordMain.groovy:27)
	at com.kms.katalon.core.webui.keyword.builtin.VerifyElementPresentKeyword.verifyElementPresent(VerifyElementPresentKeyword.groovy:92)
	at com.kms.katalon.core.webui.keyword.builtin.VerifyElementPresentKeyword.execute(VerifyElementPresentKeyword.groovy:68)
	at com.kms.katalon.core.keyword.internal.KeywordExecutor.executeKeywordForPlatform(KeywordExecutor.groovy:53)
	at com.kms.katalon.core.webui.keyword.WebUiBuiltInKeywords.verifyElementPresent(WebUiBuiltInKeywords.groovy:1434)
	at com.kms.katalon.core.webui.keyword.WebUiBuiltInKeywords$verifyElementPresent$3.call(Unknown Source)
	at Logout.run(Logout:18)
	at com.kms.katalon.core.main.ScriptEngine.run(ScriptEngine.java:194)
	at com.kms.katalon.core.main.ScriptEngine.runScriptAsRawText(ScriptEngine.java:119)
	at com.kms.katalon.core.main.TestCaseExecutor.runScript(TestCaseExecutor.java:321)
	at com.kms.katalon.core.main.TestCaseExecutor.doExecute(TestCaseExecutor.java:312)
	at com.kms.katalon.core.main.TestCaseExecutor.processExecutionPhase(TestCaseExecutor.java:291)
	at com.kms.katalon.core.main.TestCaseExecutor.accessMainPhase(TestCaseExecutor.java:283)
	at com.kms.katalon.core.main.TestCaseExecutor.execute(TestCaseExecutor.java:222)
	at com.kms.katalon.core.main.TestCaseMain.runTestCase(TestCaseMain.java:106)
	at com.kms.katalon.core.keyword.builtin.CallTestCaseKeyword$_callTestCase_closure1.doCall(CallTestCaseKeyword.groovy:59)
	at com.kms.katalon.core.keyword.builtin.CallTestCaseKeyword$_callTestCase_closure1.call(CallTestCaseKeyword.groovy)
	at com.kms.katalon.core.keyword.internal.KeywordMain.runKeyword(KeywordMain.groovy:54)
	at com.kms.katalon.core.keyword.builtin.CallTestCaseKeyword.callTestCase(CallTestCaseKeyword.groovy:80)
	at com.kms.katalon.core.keyword.builtin.CallTestCaseKeyword.execute(CallTestCaseKeyword.groovy:44)
	at com.kms.katalon.core.keyword.internal.KeywordExecutor.executeKeywordForPlatform(KeywordExecutor.groovy:53)
	at com.kms.katalon.core.keyword.BuiltinKeywords.callTestCase(BuiltinKeywords.groovy:334)
	at Verify- Correct Signin.run(Verify- Correct Signin:34)
	at com.kms.katalon.core.main.ScriptEngine.run(ScriptEngine.java:194)
	at com.kms.katalon.core.main.ScriptEngine.runScriptAsRawText(ScriptEngine.java:119)
	at com.kms.katalon.core.main.TestCaseExecutor.runScript(TestCaseExecutor.java:321)
	at com.kms.katalon.core.main.TestCaseExecutor.doExecute(TestCaseExecutor.java:312)
	at com.kms.katalon.core.main.TestCaseExecutor.processExecutionPhase(TestCaseExecutor.java:291)
	at com.kms.katalon.core.main.TestCaseExecutor.accessMainPhase(TestCaseExecutor.java:283)
	at com.kms.katalon.core.main.TestCaseExecutor.execute(TestCaseExecutor.java:222)
	at com.kms.katalon.core.main.TestSuiteExecutor.accessTestCaseMainPhase(TestSuiteExecutor.java:129)
	at com.kms.katalon.core.main.TestSuiteExecutor.accessTestSuiteMainPhase(TestSuiteExecutor.java:112)
	at com.kms.katalon.core.main.TestSuiteExecutor.execute(TestSuiteExecutor.java:81)
	at com.kms.katalon.core.main.TestCaseMain.startTestSuite(TestCaseMain.java:149)
	at com.kms.katalon.core.main.TestCaseMain$startTestSuite$0.call(Unknown Source)
	at TempTestSuite1544716632010.run(TempTestSuite1544716632010.groovy:36)]]></system-err>
      </testcase>
      <system-out><![CDATA[2018-12-13 18:57:15 - [TEST_SUITE][FAILED] - SignIn Validation: Test Cases/SignIn/Verify- Correct Signin FAILED.
Reason:
com.kms.katalon.core.exception.StepFailedException: Unable to verify object 'Object Repository/Signin Page/Element -My Account' is present (Root cause: com.kms.katalon.core.exception.StepFailedException: com.kms.katalon.core.webui.exception.WebElementNotFoundException: Web element with id: 'Object Repository/Signin Page/Element -My Account' located by 'By.xpath: //span[contains(text(),'My Account')]' not found)
	at com.kms.katalon.core.keyword.internal.KeywordMain.stepFailed(KeywordMain.groovy:36)
	at com.kms.katalon.core.webui.keyword.internal.WebUIKeywordMain.stepFailed(WebUIKeywordMain.groovy:65)
	at com.kms.katalon.core.webui.keyword.internal.WebUIKeywordMain.runKeyword(WebUIKeywordMain.groovy:27)
	at com.kms.katalon.core.webui.keyword.builtin.VerifyElementPresentKeyword.verifyElementPresent(VerifyElementPresentKeyword.groovy:92)
	at com.kms.katalon.core.webui.keyword.builtin.VerifyElementPresentKeyword.execute(VerifyElementPresentKeyword.groovy:68)
	at com.kms.katalon.core.keyword.internal.KeywordExecutor.executeKeywordForPlatform(KeywordExecutor.groovy:53)
	at com.kms.katalon.core.webui.keyword.WebUiBuiltInKeywords.verifyElementPresent(WebUiBuiltInKeywords.groovy:1434)
	at com.kms.katalon.core.webui.keyword.WebUiBuiltInKeywords$verifyElementPresent$3.call(Unknown Source)
	at Logout.run(Logout:18)
	at com.kms.katalon.core.main.ScriptEngine.run(ScriptEngine.java:194)
	at com.kms.katalon.core.main.ScriptEngine.runScriptAsRawText(ScriptEngine.java:119)
	at com.kms.katalon.core.main.TestCaseExecutor.runScript(TestCaseExecutor.java:321)
	at com.kms.katalon.core.main.TestCaseExecutor.doExecute(TestCaseExecutor.java:312)
	at com.kms.katalon.core.main.TestCaseExecutor.processExecutionPhase(TestCaseExecutor.java:291)
	at com.kms.katalon.core.main.TestCaseExecutor.accessMainPhase(TestCaseExecutor.java:283)
	at com.kms.katalon.core.main.TestCaseExecutor.execute(TestCaseExecutor.java:222)
	at com.kms.katalon.core.main.TestCaseMain.runTestCase(TestCaseMain.java:106)
	at com.kms.katalon.core.keyword.builtin.CallTestCaseKeyword$_callTestCase_closure1.doCall(CallTestCaseKeyword.groovy:59)
	at com.kms.katalon.core.keyword.builtin.CallTestCaseKeyword$_callTestCase_closure1.call(CallTestCaseKeyword.groovy)
	at com.kms.katalon.core.keyword.internal.KeywordMain.runKeyword(KeywordMain.groovy:54)
	at com.kms.katalon.core.keyword.builtin.CallTestCaseKeyword.callTestCase(CallTestCaseKeyword.groovy:80)
	at com.kms.katalon.core.keyword.builtin.CallTestCaseKeyword.execute(CallTestCaseKeyword.groovy:44)
	at com.kms.katalon.core.keyword.internal.KeywordExecutor.executeKeywordForPlatform(KeywordExecutor.groovy:53)
	at com.kms.katalon.core.keyword.BuiltinKeywords.callTestCase(BuiltinKeywords.groovy:334)
	at Verify- Correct Signin.run(Verify- Correct Signin:34)
	at com.kms.katalon.core.main.ScriptEngine.run(ScriptEngine.java:194)
	at com.kms.katalon.core.main.ScriptEngine.runScriptAsRawText(ScriptEngine.java:119)
	at com.kms.katalon.core.main.TestCaseExecutor.runScript(TestCaseExecutor.java:321)
	at com.kms.katalon.core.main.TestCaseExecutor.doExecute(TestCaseExecutor.java:312)
	at com.kms.katalon.core.main.TestCaseExecutor.processExecutionPhase(TestCaseExecutor.java:291)
	at com.kms.katalon.core.main.TestCaseExecutor.accessMainPhase(TestCaseExecutor.java:283)
	at com.kms.katalon.core.main.TestCaseExecutor.execute(TestCaseExecutor.java:222)
	at com.kms.katalon.core.main.TestSuiteExecutor.accessTestCaseMainPhase(TestSuiteExecutor.java:129)
	at com.kms.katalon.core.main.TestSuiteExecutor.accessTestSuiteMainPhase(TestSuiteExecutor.java:112)
	at com.kms.katalon.core.main.TestSuiteExecutor.execute(TestSuiteExecutor.java:81)
	at com.kms.katalon.core.main.TestCaseMain.startTestSuite(TestCaseMain.java:149)
	at com.kms.katalon.core.main.TestCaseMain$startTestSuite$0.call(Unknown Source)
	at TempTestSuite1544716632010.run(TempTestSuite1544716632010.groovy:36)]]></system-out>
      <system-err><![CDATA[2018-12-13 18:57:15 - [TEST_SUITE][FAILED] - SignIn Validation: Test Cases/SignIn/Verify- Correct Signin FAILED.
Reason:
com.kms.katalon.core.exception.StepFailedException: Unable to verify object 'Object Repository/Signin Page/Element -My Account' is present (Root cause: com.kms.katalon.core.exception.StepFailedException: com.kms.katalon.core.webui.exception.WebElementNotFoundException: Web element with id: 'Object Repository/Signin Page/Element -My Account' located by 'By.xpath: //span[contains(text(),'My Account')]' not found)
	at com.kms.katalon.core.keyword.internal.KeywordMain.stepFailed(KeywordMain.groovy:36)
	at com.kms.katalon.core.webui.keyword.internal.WebUIKeywordMain.stepFailed(WebUIKeywordMain.groovy:65)
	at com.kms.katalon.core.webui.keyword.internal.WebUIKeywordMain.runKeyword(WebUIKeywordMain.groovy:27)
	at com.kms.katalon.core.webui.keyword.builtin.VerifyElementPresentKeyword.verifyElementPresent(VerifyElementPresentKeyword.groovy:92)
	at com.kms.katalon.core.webui.keyword.builtin.VerifyElementPresentKeyword.execute(VerifyElementPresentKeyword.groovy:68)
	at com.kms.katalon.core.keyword.internal.KeywordExecutor.executeKeywordForPlatform(KeywordExecutor.groovy:53)
	at com.kms.katalon.core.webui.keyword.WebUiBuiltInKeywords.verifyElementPresent(WebUiBuiltInKeywords.groovy:1434)
	at com.kms.katalon.core.webui.keyword.WebUiBuiltInKeywords$verifyElementPresent$3.call(Unknown Source)
	at Logout.run(Logout:18)
	at com.kms.katalon.core.main.ScriptEngine.run(ScriptEngine.java:194)
	at com.kms.katalon.core.main.ScriptEngine.runScriptAsRawText(ScriptEngine.java:119)
	at com.kms.katalon.core.main.TestCaseExecutor.runScript(TestCaseExecutor.java:321)
	at com.kms.katalon.core.main.TestCaseExecutor.doExecute(TestCaseExecutor.java:312)
	at com.kms.katalon.core.main.TestCaseExecutor.processExecutionPhase(TestCaseExecutor.java:291)
	at com.kms.katalon.core.main.TestCaseExecutor.accessMainPhase(TestCaseExecutor.java:283)
	at com.kms.katalon.core.main.TestCaseExecutor.execute(TestCaseExecutor.java:222)
	at com.kms.katalon.core.main.TestCaseMain.runTestCase(TestCaseMain.java:106)
	at com.kms.katalon.core.keyword.builtin.CallTestCaseKeyword$_callTestCase_closure1.doCall(CallTestCaseKeyword.groovy:59)
	at com.kms.katalon.core.keyword.builtin.CallTestCaseKeyword$_callTestCase_closure1.call(CallTestCaseKeyword.groovy)
	at com.kms.katalon.core.keyword.internal.KeywordMain.runKeyword(KeywordMain.groovy:54)
	at com.kms.katalon.core.keyword.builtin.CallTestCaseKeyword.callTestCase(CallTestCaseKeyword.groovy:80)
	at com.kms.katalon.core.keyword.builtin.CallTestCaseKeyword.execute(CallTestCaseKeyword.groovy:44)
	at com.kms.katalon.core.keyword.internal.KeywordExecutor.executeKeywordForPlatform(KeywordExecutor.groovy:53)
	at com.kms.katalon.core.keyword.BuiltinKeywords.callTestCase(BuiltinKeywords.groovy:334)
	at Verify- Correct Signin.run(Verify- Correct Signin:34)
	at com.kms.katalon.core.main.ScriptEngine.run(ScriptEngine.java:194)
	at com.kms.katalon.core.main.ScriptEngine.runScriptAsRawText(ScriptEngine.java:119)
	at com.kms.katalon.core.main.TestCaseExecutor.runScript(TestCaseExecutor.java:321)
	at com.kms.katalon.core.main.TestCaseExecutor.doExecute(TestCaseExecutor.java:312)
	at com.kms.katalon.core.main.TestCaseExecutor.processExecutionPhase(TestCaseExecutor.java:291)
	at com.kms.katalon.core.main.TestCaseExecutor.accessMainPhase(TestCaseExecutor.java:283)
	at com.kms.katalon.core.main.TestCaseExecutor.execute(TestCaseExecutor.java:222)
	at com.kms.katalon.core.main.TestSuiteExecutor.accessTestCaseMainPhase(TestSuiteExecutor.java:129)
	at com.kms.katalon.core.main.TestSuiteExecutor.accessTestSuiteMainPhase(TestSuiteExecutor.java:112)
	at com.kms.katalon.core.main.TestSuiteExecutor.execute(TestSuiteExecutor.java:81)
	at com.kms.katalon.core.main.TestCaseMain.startTestSuite(TestCaseMain.java:149)
	at com.kms.katalon.core.main.TestCaseMain$startTestSuite$0.call(Unknown Source)
	at TempTestSuite1544716632010.run(TempTestSuite1544716632010.groovy:36)]]></system-err>
   </testsuite>
</testsuites>
